[2024-07-11T15:42:41.626] [DEBUG] debug-file - env: nodejsVersion=v18.20.1
[2024-07-11T15:42:47.902] [DEBUG] debug-file - Hvigor init with startParameters:{
  hvigorfileTypeCheck: false,
  parallelExecution: true,
  incrementalExecution: true,
  printStackTrace: false,
  daemon: false,
  analyze: 0,
  logLevel: Level { level: 20000, levelStr: 'INFO', colour: 'green' }
}
[2024-07-11T15:42:47.939] [DEBUG] debug-file - hvigorfile, resolving D:\DevEcoStudioProjects\Harmony-Healthy-life\Healthy_life\hvigorfile.ts
[2024-07-11T15:43:11.758] [DEBUG] debug-file - hvigorfile, require result:  { appTasks: [Getter] }
[2024-07-11T15:43:12.056] [DEBUG] debug-file - Start initialize project's product build option map with build mode debug.
[2024-07-11T15:43:12.076] [DEBUG] debug-file - Local scan or download HarmonyOS sdk components toolchains,ets,js,native
[2024-07-11T15:43:12.063] [DEBUG] debug-file - Product 'default' using build option: {
  "debuggable": true
} in this build.
[2024-07-11T15:43:12.089] [DEBUG] debug-file - Local scan or download hmscore sdk components toolchains,ets,native
[2024-07-11T15:43:12.115] [DEBUG] debug-file - Sdk init in 47 ms 
[2024-07-11T15:43:12.166] [DEBUG] debug-file - Project task initialization takes 48 ms 
[2024-07-11T15:43:12.181] [DEBUG] debug-file - hvigorfile, resolving D:\DevEcoStudioProjects\Harmony-Healthy-life\Healthy_life\entry\hvigorfile.ts
[2024-07-11T15:43:12.210] [DEBUG] debug-file - Start initialize module-target build option map, moduleName=entry, buildMode=debug
[2024-07-11T15:43:12.227] [DEBUG] debug-file - project has submodules:entry
[2024-07-11T15:43:12.224] [DEBUG] debug-file - Module entry task initialization takes 8 ms 
[2024-07-11T15:43:12.263] [DEBUG] debug-file - Executing task :entry:clean
[2024-07-11T15:43:12.274] [DEBUG] debug-file - entry : clean cost memory 0.235687255859375
[2024-07-11T15:42:41.630] [DEBUG] debug-file - env: hvigor-config.json5 content = { modelVersion: '5.0.0', dependencies: {} }
[2024-07-11T15:43:12.366] [DEBUG] debug-file - Current worker pool is stopped or closed.
[2024-07-11T15:42:47.904] [DEBUG] debug-file - Since current hvigor version 5.2.2 differs from last hvigor version 
      undefined, delete file-cache.json and task-cache.json.
[2024-07-11T15:43:11.759] [DEBUG] debug-file - hvigorfile, binding system plugins { appTasks: [Getter] }
[2024-07-11T15:43:12.056] [DEBUG] debug-file - Picking option from product 'default' with build mode 'debug'.
[2024-07-11T15:43:12.065] [DEBUG] debug-file - No signingConfig found, initRemoteHspCache failed.
[2024-07-11T15:43:12.167] [DEBUG] debug-file - hvigorfile, resolve finished D:\DevEcoStudioProjects\Harmony-Healthy-life\Healthy_life\hvigorfile.ts
[2024-07-11T15:43:12.192] [DEBUG] debug-file - hvigorfile, require result:  { hapTasks: [Getter] }
[2024-07-11T15:43:12.211] [DEBUG] debug-file - Target 'default' config: {}
[2024-07-11T15:43:12.228] [DEBUG] debug-file - start to load updatedOhPackageInfo to the disk
[2024-07-11T15:43:12.224] [DEBUG] debug-file - hvigorfile, resolve finished D:\DevEcoStudioProjects\Harmony-Healthy-life\Healthy_life\entry\hvigorfile.ts
[2024-07-11T15:43:12.264] [DEBUG] debug-file - clean: Worker pool is inactive.
[2024-07-11T15:43:12.274] [DEBUG] debug-file - runTaskFromQueue task cost before running: 24 s 405 ms 
[2024-07-11T15:42:41.636] [DEBUG] debug-file - env: daemon=false
[2024-07-11T15:43:12.386] [DEBUG] debug-file - Current worker pool is terminated.
[2024-07-11T15:42:47.905] [DEBUG] debug-file - Cache service initialization finished in 3 ms 
[2024-07-11T15:43:12.056] [DEBUG] debug-file - Product 'default' build option: {}
[2024-07-11T15:43:12.192] [DEBUG] debug-file - hvigorfile, binding system plugins { hapTasks: [Getter] }
[2024-07-11T15:43:12.211] [DEBUG] debug-file - Module 'entry' target 'default' build option: {
  "debuggable": true,
  "copyFrom": "default"
}
[2024-07-11T15:43:12.234] [DEBUG] debug-file - load to the disk finished
[2024-07-11T15:43:12.277] [INFO] debug-file - Finished :entry:clean... after 11 ms 
[2024-07-11T15:42:41.636] [DEBUG] debug-file - no-daemon, use the parent process.execArgv --max-old-space-size=8192,--expose-gc
[2024-07-11T15:43:12.056] [DEBUG] debug-file - End initialize project's product build option map with build mode 'debug'.
[2024-07-11T15:43:12.211] [DEBUG] debug-file - End initialize module-target build option map, moduleName=entry
[2024-07-11T15:43:12.237] [DEBUG] debug-file - Module Healthy_life Collected Dependency: 
[2024-07-11T15:43:12.277] [DEBUG] debug-file - Executing task ::clean
[2024-07-11T15:43:12.211] [DEBUG] debug-file - Module 'entry' target 'default' using build option: {
  "debuggable": true,
  "copyFrom": "default"
} in this build.
[2024-07-11T15:43:12.237] [DEBUG] debug-file - Module Healthy_life's total dependency: 0
[2024-07-11T15:43:12.277] [DEBUG] debug-file - clean: Worker pool is inactive.
[2024-07-11T15:43:12.241] [DEBUG] debug-file - Module entry Collected Dependency: 
[2024-07-11T15:43:12.279] [DEBUG] debug-file - Healthy_life : clean cost memory 0.02770233154296875
[2024-07-11T15:43:12.241] [DEBUG] debug-file - Module entry's total dependency: 0
[2024-07-11T15:43:12.279] [DEBUG] debug-file - runTaskFromQueue task cost before running: 24 s 410 ms 
[2024-07-11T15:43:12.247] [DEBUG] debug-file - Configuration phase cost:24 s 329 ms 
[2024-07-11T15:43:12.281] [INFO] debug-file - Finished ::clean... after 2 ms 
[2024-07-11T15:43:12.252] [DEBUG] debug-file - Configuration task cost before running: 24 s 382 ms 
[2024-07-11T15:43:12.281] [DEBUG] debug-file - Executing task :entry:init
[2024-07-11T15:43:12.282] [DEBUG] debug-file - entry : init cost memory 0.00980377197265625
[2024-07-11T15:43:12.282] [DEBUG] debug-file - runTaskFromQueue task cost before running: 24 s 413 ms 
[2024-07-11T15:43:12.282] [INFO] debug-file - Finished :entry:init... after 1 ms 
[2024-07-11T15:43:12.283] [DEBUG] debug-file - Executing task ::init
[2024-07-11T15:43:12.283] [DEBUG] debug-file - Healthy_life : init cost memory 0.01068878173828125
[2024-07-11T15:43:12.283] [DEBUG] debug-file - runTaskFromQueue task cost before running: 24 s 414 ms 
[2024-07-11T15:43:12.283] [INFO] debug-file - Finished ::init... after 1 ms 
[2024-07-11T15:43:12.316] [DEBUG] debug-file - Module 'entry' target 'default' using build option: {
  "debuggable": true,
  "copyFrom": "default"
} in this build.
[2024-07-11T15:43:12.331] [DEBUG] debug-file - hvigor start cli arguments:{
  prop: [ 'product=default' ],
  sync: true,
  parallel: true,
  incremental: true,
  daemon: false,
  _: [ '--analyze=normal' ]
}
[2024-07-11T15:43:12.347] [DEBUG] debug-file - Since there is no instance or instance is terminated, create a new worker pool.
[2024-07-11T15:43:12.347] [DEBUG] debug-file - Worker pool is initialized with config:  {
  minPoolNum: 2,
  maxPoolNum: undefined,
  maxCoreSize: undefined,
  cacheCapacity: undefined,
  cacheTtl: undefined
}
[2024-07-11T15:57:39.689] [DEBUG] debug-file - java daemon tryConnect failed Error: connect ECONNREFUSED ::1:45050
[2024-07-11T15:57:39.801] [DEBUG] debug-file - java daemon started at port 45050 pid 10232
[2024-07-11T15:57:36.146] [DEBUG] debug-file - env: nodejsVersion=v18.20.1
[2024-07-11T15:57:36.347] [DEBUG] debug-file - env: daemon=true
[2024-07-11T15:57:36.147] [DEBUG] debug-file - env: hvigor-config.json5 content = { modelVersion: '5.0.0', dependencies: {} }
[2024-07-11T15:57:43.438] [DEBUG] debug-file - hvigor start cli arguments:{
  prop: [],
  sync: true,
  parallel: true,
  incremental: true,
  daemon: true,
  _: [ '--analyze=normal' ]
}
[2024-07-11T15:57:43.474] [DEBUG] debug-file - session manager: set active socket. socketId=OJ2cX7cLcLJ96zSIAAAB
[2024-07-11T15:57:43.536] [DEBUG] debug-file - Hvigor init with startParameters:{
  hvigorfileTypeCheck: false,
  parallelExecution: true,
  incrementalExecution: true,
  printStackTrace: false,
  daemon: true,
  analyze: 0,
  logLevel: Level { level: 20000, levelStr: 'INFO', colour: 'green' }
}
[2024-07-11T15:57:43.540] [DEBUG] debug-file - Cache service initialization finished in 3 ms 
[2024-07-11T15:57:43.558] [DEBUG] debug-file - hvigorfile, resolving D:\DevEcoStudioProjects\Harmony-Healthy-life\Healthy_life\hvigorfile.ts
[2024-07-11T15:58:14.132] [DEBUG] debug-file - hvigorfile, require result:  {}
[2024-07-11T15:58:14.132] [DEBUG] debug-file - hvigorfile, binding system plugins {}
[2024-07-11T15:58:14.432] [DEBUG] debug-file - Start initialize project's product build option map with build mode debug.
[2024-07-11T15:58:14.433] [DEBUG] debug-file - Picking option from product 'default' with build mode 'debug'.
[2024-07-11T15:58:14.433] [DEBUG] debug-file - Product 'default' build option: {}
[2024-07-11T15:58:14.433] [DEBUG] debug-file - End initialize project's product build option map with build mode 'debug'.
[2024-07-11T15:58:14.439] [DEBUG] debug-file - Product 'default' using build option: {
  "debuggable": true
} in this build.
[2024-07-11T15:58:14.440] [DEBUG] debug-file - No signingConfig found, initRemoteHspCache failed.
[2024-07-11T15:58:14.460] [DEBUG] debug-file - Local scan or download HarmonyOS sdk components toolchains,ets,js,native
[2024-07-11T15:58:14.467] [DEBUG] debug-file - Local scan or download hmscore sdk components toolchains,ets,native
[2024-07-11T15:58:14.478] [DEBUG] debug-file - Sdk init in 24 ms 
[2024-07-11T15:58:14.511] [DEBUG] debug-file - Project task initialization takes 30 ms 
[2024-07-11T15:58:14.511] [DEBUG] debug-file - hvigorfile, resolve finished D:\DevEcoStudioProjects\Harmony-Healthy-life\Healthy_life\hvigorfile.ts
[2024-07-11T15:58:14.518] [DEBUG] debug-file - hvigorfile, resolving D:\DevEcoStudioProjects\Harmony-Healthy-life\Healthy_life\entry\hvigorfile.ts
[2024-07-11T15:58:14.540] [DEBUG] debug-file - hvigorfile, require result:  {}
[2024-07-11T15:58:14.540] [DEBUG] debug-file - hvigorfile, binding system plugins {}
[2024-07-11T15:58:14.555] [DEBUG] debug-file - Start initialize module-target build option map, moduleName=entry, buildMode=debug
[2024-07-11T15:58:14.556] [DEBUG] debug-file - Target 'default' config: {}
[2024-07-11T15:58:14.556] [DEBUG] debug-file - Module 'entry' target 'default' build option: {
  "debuggable": true,
  "copyFrom": "default"
}
[2024-07-11T15:58:14.556] [DEBUG] debug-file - End initialize module-target build option map, moduleName=entry
[2024-07-11T15:58:14.557] [DEBUG] debug-file - Module 'entry' target 'default' using build option: {
  "debuggable": true,
  "copyFrom": "default"
} in this build.
[2024-07-11T15:58:14.566] [DEBUG] debug-file - Module entry task initialization takes 6 ms 
[2024-07-11T15:58:14.566] [DEBUG] debug-file - hvigorfile, resolve finished D:\DevEcoStudioProjects\Harmony-Healthy-life\Healthy_life\entry\hvigorfile.ts
[2024-07-11T15:58:14.676] [DEBUG] debug-file - hvigorfile, resolve hvigorfile dependencies in 108 ms 
[2024-07-11T15:58:14.676] [DEBUG] debug-file - project has submodules:entry
[2024-07-11T15:58:14.678] [DEBUG] debug-file - start to load updatedOhPackageInfo to the disk
[2024-07-11T15:58:14.696] [DEBUG] debug-file - load to the disk finished
[2024-07-11T15:58:14.703] [DEBUG] debug-file - Module Healthy_life Collected Dependency: 
[2024-07-11T15:58:14.703] [DEBUG] debug-file - Module Healthy_life's total dependency: 0
[2024-07-11T15:58:14.712] [DEBUG] debug-file - Module entry Collected Dependency: 
[2024-07-11T15:58:14.712] [DEBUG] debug-file - Module entry's total dependency: 0
[2024-07-11T15:58:14.728] [DEBUG] debug-file - Configuration phase cost:31 s 180 ms 
[2024-07-11T15:58:14.735] [DEBUG] debug-file - Configuration task cost before running: 31 s 215 ms 
[2024-07-11T15:58:14.736] [DEBUG] debug-file - Executing task :entry:init
[2024-07-11T15:58:14.738] [DEBUG] debug-file - entry : init cost memory 0.01511383056640625
[2024-07-11T15:58:14.739] [DEBUG] debug-file - runTaskFromQueue task cost before running: 31 s 219 ms 
[2024-07-11T15:58:14.740] [INFO] debug-file - Finished :entry:init... after 3 ms 
[2024-07-11T15:58:14.741] [DEBUG] debug-file - Executing task ::init
[2024-07-11T15:58:14.741] [DEBUG] debug-file - Healthy_life : init cost memory 0.01477813720703125
[2024-07-11T15:58:14.742] [DEBUG] debug-file - runTaskFromQueue task cost before running: 31 s 222 ms 
[2024-07-11T15:58:14.742] [INFO] debug-file - Finished ::init... after 1 ms 
[2024-07-11T15:58:14.778] [DEBUG] debug-file - Module 'entry' target 'default' using build option: {
  "debuggable": true,
  "copyFrom": "default"
} in this build.
[2024-07-11T15:58:18.807] [DEBUG] debug-file - Hvigor init with startParameters:{
  hvigorfileTypeCheck: false,
  parallelExecution: true,
  incrementalExecution: true,
  printStackTrace: false,
  daemon: true,
  analyze: 0,
  logLevel: Level { level: 20000, levelStr: 'INFO', colour: 'green' }
}
[2024-07-11T15:58:18.811] [DEBUG] debug-file - Cache service initialization finished in 4 ms 
[2024-07-11T15:58:18.855] [DEBUG] debug-file - hvigorfile, resolving D:\DevEcoStudioProjects\Harmony-Healthy-life\Healthy_life\hvigorfile.ts
[2024-07-11T15:58:18.873] [DEBUG] debug-file - hvigorfile, require result:  {}
[2024-07-11T15:58:18.873] [DEBUG] debug-file - hvigorfile, binding system plugins {}
[2024-07-11T15:58:18.905] [DEBUG] debug-file - Start initialize project's product build option map with build mode debug.
[2024-07-11T15:58:18.905] [DEBUG] debug-file - Picking option from product 'default' with build mode 'debug'.
[2024-07-11T15:58:18.907] [DEBUG] debug-file - Product 'default' build option: {}
[2024-07-11T15:58:18.907] [DEBUG] debug-file - End initialize project's product build option map with build mode 'debug'.
[2024-07-11T15:58:18.911] [DEBUG] debug-file - Product 'default' using build option: {
  "debuggable": true
} in this build.
[2024-07-11T15:58:18.915] [DEBUG] debug-file - No signingConfig found, initRemoteHspCache failed.
[2024-07-11T15:58:18.958] [DEBUG] debug-file - Sdk init in 41 ms 
[2024-07-11T15:58:19.080] [DEBUG] debug-file - Project task initialization takes 118 ms 
[2024-07-11T15:58:19.080] [DEBUG] debug-file - hvigorfile, resolve finished D:\DevEcoStudioProjects\Harmony-Healthy-life\Healthy_life\hvigorfile.ts
[2024-07-11T15:58:19.105] [DEBUG] debug-file - hvigorfile, resolving D:\DevEcoStudioProjects\Harmony-Healthy-life\Healthy_life\entry\hvigorfile.ts
[2024-07-11T15:58:19.123] [DEBUG] debug-file - hvigorfile, require result:  {}
[2024-07-11T15:58:19.123] [DEBUG] debug-file - hvigorfile, binding system plugins {}
[2024-07-11T15:58:19.143] [DEBUG] debug-file - Start initialize module-target build option map, moduleName=entry, buildMode=debug
[2024-07-11T15:58:19.143] [DEBUG] debug-file - Target 'default' config: {}
[2024-07-11T15:58:19.143] [DEBUG] debug-file - Module 'entry' target 'default' build option: {
  "debuggable": true,
  "copyFrom": "default"
}
[2024-07-11T15:58:19.144] [DEBUG] debug-file - End initialize module-target build option map, moduleName=entry
[2024-07-11T15:58:19.144] [DEBUG] debug-file - Module 'entry' target 'default' using build option: {
  "debuggable": true,
  "copyFrom": "default"
} in this build.
[2024-07-11T15:58:19.154] [DEBUG] debug-file - Module entry task initialization takes 2 ms 
[2024-07-11T15:58:19.155] [DEBUG] debug-file - hvigorfile, resolve finished D:\DevEcoStudioProjects\Harmony-Healthy-life\Healthy_life\entry\hvigorfile.ts
[2024-07-11T15:58:19.409] [DEBUG] debug-file - hvigorfile, resolve hvigorfile dependencies in 251 ms 
[2024-07-11T15:58:19.409] [DEBUG] debug-file - project has submodules:entry
[2024-07-11T15:58:19.410] [DEBUG] debug-file - start to load updatedOhPackageInfo to the disk
[2024-07-11T15:58:19.426] [DEBUG] debug-file - load to the disk finished
[2024-07-11T15:58:19.429] [DEBUG] debug-file - Module Healthy_life Collected Dependency: 
[2024-07-11T15:58:19.429] [DEBUG] debug-file - Module Healthy_life's total dependency: 0
[2024-07-11T15:58:19.433] [DEBUG] debug-file - Module entry Collected Dependency: 
[2024-07-11T15:58:19.433] [DEBUG] debug-file - Module entry's total dependency: 0
[2024-07-11T15:58:19.440] [DEBUG] debug-file - Configuration phase cost:609 ms 
[2024-07-11T15:58:19.444] [DEBUG] debug-file - Configuration task cost before running: 684 ms 
[2024-07-11T15:58:19.452] [DEBUG] debug-file - jsonObjWithoutParam {} at undefined
[2024-07-11T15:58:19.453] [DEBUG] debug-file - jsonObjWithoutParam {} at undefined
[2024-07-11T15:58:19.453] [DEBUG] debug-file - jsonObjWithoutParam {"license":"","devDependencies":{},"author":"","name":"entry","description":"Please describe the basic information.","main":"","version":"1.0.0","dependencies":{}} at undefined
[2024-07-11T15:58:19.461] [DEBUG] debug-file - Executing task :entry:default@PreBuild
[2024-07-11T15:58:20.233] [DEBUG] debug-file - current product is not Atomic service.
[2024-07-11T15:58:20.237] [DEBUG] debug-file - Use tool [win32: JAVA_HOME, CLASSPATH]
 [
  { JAVA_HOME: 'D:\\DEVeco Studio\\devecostudio\\DevEco Studio\\jbr' },
  {
    CLASSPATH: '.;C:\\Program Files\\Java\\jdk-1.8\\lib\\dt.jar;C:\\Program Files\\Java\\jdk-1.8\\lib\\tools.jar'
  }
]
[2024-07-11T15:58:20.238] [DEBUG] debug-file - Use tool [win32: NODE_HOME]
 [
  {
    NODE_HOME: 'D:\\DEVeco Studio\\devecostudio\\DevEco Studio\\tools\\node'
  }
]
[2024-07-11T15:58:20.239] [DEBUG] debug-file - entry : default@PreBuild cost memory 9.85321044921875
[2024-07-11T15:58:20.240] [DEBUG] debug-file - runTaskFromQueue task cost before running: 1 s 480 ms 
[2024-07-11T15:58:20.248] [INFO] debug-file - Finished :entry:default@PreBuild... after 779 ms 
[2024-07-11T15:58:20.255] [DEBUG] debug-file - jsonObjWithoutParam {} at undefined
[2024-07-11T15:58:20.256] [DEBUG] debug-file - jsonObjWithoutParam {} at undefined
[2024-07-11T15:58:20.256] [DEBUG] debug-file - jsonObjWithoutParam {"license":"","devDependencies":{},"author":"","name":"entry","description":"Please describe the basic information.","main":"","version":"1.0.0","dependencies":{}} at undefined
[2024-07-11T15:58:20.259] [DEBUG] debug-file - Executing task :entry:default@MergeProfile
[2024-07-11T15:58:20.261] [DEBUG] debug-file - Change app api release type with 'Beta1'
[2024-07-11T15:58:20.262] [DEBUG] debug-file - Change app compile API version with '5.0.0.25'
[2024-07-11T15:58:20.262] [DEBUG] debug-file - Change app target API version with '50000012'
[2024-07-11T15:58:20.262] [DEBUG] debug-file - Change app minimum API version with '50000012'
[2024-07-11T15:58:20.263] [DEBUG] debug-file - Use cli appEnvironment
[2024-07-11T15:58:20.272] [DEBUG] debug-file - entry : default@MergeProfile cost memory 0.14247894287109375
[2024-07-11T15:58:20.273] [DEBUG] debug-file - runTaskFromQueue task cost before running: 1 s 513 ms 
[2024-07-11T15:58:20.273] [INFO] debug-file - Finished :entry:default@MergeProfile... after 14 ms 
[2024-07-11T15:58:20.279] [DEBUG] debug-file - jsonObjWithoutParam {} at undefined
[2024-07-11T15:58:20.280] [DEBUG] debug-file - jsonObjWithoutParam {} at undefined
[2024-07-11T15:58:20.280] [DEBUG] debug-file - jsonObjWithoutParam {"license":"","devDependencies":{},"author":"","name":"entry","description":"Please describe the basic information.","main":"","version":"1.0.0","dependencies":{}} at undefined
[2024-07-11T15:58:20.284] [DEBUG] debug-file - Executing task :entry:default@CreateBuildProfile
[2024-07-11T15:58:20.292] [DEBUG] debug-file - entry : default@CreateBuildProfile cost memory 0.0716552734375
[2024-07-11T15:58:20.293] [DEBUG] debug-file - runTaskFromQueue task cost before running: 1 s 533 ms 
[2024-07-11T15:58:20.294] [INFO] debug-file - Finished :entry:default@CreateBuildProfile... after 9 ms 
[2024-07-11T15:58:20.301] [DEBUG] debug-file - jsonObjWithoutParam {} at undefined
[2024-07-11T15:58:20.302] [DEBUG] debug-file - jsonObjWithoutParam {} at undefined
[2024-07-11T15:58:20.302] [DEBUG] debug-file - jsonObjWithoutParam {"license":"","devDependencies":{},"author":"","name":"entry","description":"Please describe the basic information.","main":"","version":"1.0.0","dependencies":{}} at undefined
[2024-07-11T15:58:20.304] [DEBUG] debug-file - Executing task :entry:default@PreCheckSyscap
[2024-07-11T15:58:20.305] [DEBUG] debug-file - entry : default@PreCheckSyscap cost memory 0.01331329345703125
[2024-07-11T15:58:20.306] [DEBUG] debug-file - runTaskFromQueue task cost before running: 1 s 546 ms 
[2024-07-11T15:58:20.306] [INFO] debug-file - Finished :entry:default@PreCheckSyscap... after 2 ms 
[2024-07-11T15:58:20.313] [DEBUG] debug-file - jsonObjWithoutParam {} at undefined
[2024-07-11T15:58:20.313] [DEBUG] debug-file - jsonObjWithoutParam {} at undefined
[2024-07-11T15:58:20.313] [DEBUG] debug-file - jsonObjWithoutParam {"license":"","devDependencies":{},"author":"","name":"entry","description":"Please describe the basic information.","main":"","version":"1.0.0","dependencies":{}} at undefined
[2024-07-11T15:58:20.340] [DEBUG] debug-file - Executing task :entry:default@GeneratePkgContextInfo
[2024-07-11T15:58:20.341] [DEBUG] debug-file - entry : default@GeneratePkgContextInfo cost memory 0.0193328857421875
[2024-07-11T15:58:20.342] [DEBUG] debug-file - runTaskFromQueue task cost before running: 1 s 582 ms 
[2024-07-11T15:58:20.342] [INFO] debug-file - Finished :entry:default@GeneratePkgContextInfo... after 2 ms 
[2024-07-11T15:58:20.347] [DEBUG] debug-file - jsonObjWithoutParam {} at undefined
[2024-07-11T15:58:20.347] [DEBUG] debug-file - jsonObjWithoutParam {} at undefined
[2024-07-11T15:58:20.347] [DEBUG] debug-file - jsonObjWithoutParam {"license":"","devDependencies":{},"author":"","name":"entry","description":"Please describe the basic information.","main":"","version":"1.0.0","dependencies":{}} at undefined
[2024-07-11T15:58:20.352] [DEBUG] debug-file - Executing task :entry:default@ProcessProfile
[2024-07-11T15:58:20.358] [DEBUG] debug-file - [
  'D:\\DEVeco Studio\\devecostudio\\DevEco Studio\\tools\\node\\node.exe',
  'D:\\DEVeco Studio\\devecostudio\\DevEco Studio\\sdk\\HarmonyOS-NEXT-DB1\\openharmony\\ets\\build-tools\\ets-loader\\bin\\ark\\ts2abc.js',
  '--target-api-version',
  '12'
]
[2024-07-11T15:58:20.900] [DEBUG] debug-file - 12.0.2.0
[2024-07-11T15:58:20.904] [DEBUG] debug-file - entry : default@ProcessProfile cost memory 1.998931884765625
[2024-07-11T15:58:20.905] [DEBUG] debug-file - runTaskFromQueue task cost before running: 2 s 145 ms 
[2024-07-11T15:58:20.905] [INFO] debug-file - Finished :entry:default@ProcessProfile... after 553 ms 
[2024-07-11T15:58:20.912] [DEBUG] debug-file - jsonObjWithoutParam {} at undefined
[2024-07-11T15:58:20.912] [DEBUG] debug-file - jsonObjWithoutParam {} at undefined
[2024-07-11T15:58:20.912] [DEBUG] debug-file - jsonObjWithoutParam {"license":"","devDependencies":{},"author":"","name":"entry","description":"Please describe the basic information.","main":"","version":"1.0.0","dependencies":{}} at undefined
[2024-07-11T15:58:20.920] [DEBUG] debug-file - Executing task :entry:default@ProcessRouterMap
[2024-07-11T15:58:20.937] [DEBUG] debug-file - entry : default@ProcessRouterMap cost memory 0.207916259765625
[2024-07-11T15:58:20.938] [DEBUG] debug-file - runTaskFromQueue task cost before running: 2 s 178 ms 
[2024-07-11T15:58:20.940] [INFO] debug-file - Finished :entry:default@ProcessRouterMap... after 18 ms 
[2024-07-11T15:58:20.947] [DEBUG] debug-file - jsonObjWithoutParam {} at undefined
[2024-07-11T15:58:20.948] [DEBUG] debug-file - jsonObjWithoutParam {} at undefined
[2024-07-11T15:58:20.949] [DEBUG] debug-file - jsonObjWithoutParam {"license":"","devDependencies":{},"author":"","name":"entry","description":"Please describe the basic information.","main":"","version":"1.0.0","dependencies":{}} at undefined
[2024-07-11T15:58:20.953] [DEBUG] debug-file - restool module names: entry; moduleName=entry, taskName=default@PreviewProcessResource
[2024-07-11T15:58:20.964] [DEBUG] debug-file - Executing task :entry:default@PreviewProcessResource
[2024-07-11T15:58:20.965] [DEBUG] debug-file - entry : default@PreviewProcessResource cost memory 0.047210693359375
[2024-07-11T15:58:20.969] [DEBUG] debug-file - runTaskFromQueue task cost before running: 2 s 209 ms 
[2024-07-11T15:58:20.974] [INFO] debug-file - Finished :entry:default@PreviewProcessResource... after 7 ms 
[2024-07-11T15:58:20.982] [DEBUG] debug-file - jsonObjWithoutParam {} at undefined
[2024-07-11T15:58:20.982] [DEBUG] debug-file - jsonObjWithoutParam {} at undefined
[2024-07-11T15:58:20.982] [DEBUG] debug-file - jsonObjWithoutParam {"license":"","devDependencies":{},"author":"","name":"entry","description":"Please describe the basic information.","main":"","version":"1.0.0","dependencies":{}} at undefined
[2024-07-11T15:58:20.991] [DEBUG] debug-file - Executing task :entry:default@GenerateLoaderJson
[2024-07-11T15:58:21.042] [DEBUG] debug-file - entry : default@GenerateLoaderJson cost memory 0.7083740234375
[2024-07-11T15:58:21.043] [DEBUG] debug-file - runTaskFromQueue task cost before running: 2 s 283 ms 
[2024-07-11T15:58:21.051] [INFO] debug-file - Finished :entry:default@GenerateLoaderJson... after 52 ms 
[2024-07-11T15:58:21.069] [DEBUG] debug-file - jsonObjWithoutParam {} at undefined
[2024-07-11T15:58:21.069] [DEBUG] debug-file - jsonObjWithoutParam {} at undefined
[2024-07-11T15:58:21.069] [DEBUG] debug-file - jsonObjWithoutParam {"license":"","devDependencies":{},"author":"","name":"entry","description":"Please describe the basic information.","main":"","version":"1.0.0","dependencies":{}} at undefined
[2024-07-11T15:58:21.077] [DEBUG] debug-file - restool module names: entry; moduleName=entry, taskName=default@PreviewCompileResource
[2024-07-11T15:58:21.097] [DEBUG] debug-file - Executing task :entry:default@PreviewCompileResource
[2024-07-11T15:58:21.505] [DEBUG] debug-file - Use tool [D:\DEVeco Studio\devecostudio\DevEco Studio\sdk\HarmonyOS-NEXT-DB1\openharmony\toolchains\restool.exe]
 [
  'D:\\DEVeco Studio\\devecostudio\\DevEco Studio\\sdk\\HarmonyOS-NEXT-DB1\\openharmony\\toolchains\\restool.exe',
  '-x',
  'D:\\DevEcoStudioProjects\\Harmony-Healthy-life\\Healthy_life\\AppScope\\resources',
  '-o',
  'D:\\DevEcoStudioProjects\\Harmony-Healthy-life\\Healthy_life\\entry\\.preview\\default\\intermediates\\res\\default\\app_compiled'
]
[2024-07-11T15:58:21.510] [DEBUG] debug-file - current process  memoryUsage: {
  rss: 176099328,
  heapTotal: 128827392,
  heapUsed: 80417424,
  external: 1442338,
  arrayBuffers: 52027
} os memoryUsage :12.988105773925781
[2024-07-11T15:58:21.667] [DEBUG] debug-file - Info: restool resources compile success.

[2024-07-11T15:58:21.681] [DEBUG] debug-file - Use tool [D:\DEVeco Studio\devecostudio\DevEco Studio\sdk\HarmonyOS-NEXT-DB1\openharmony\toolchains\restool.exe]
 [
  'D:\\DEVeco Studio\\devecostudio\\DevEco Studio\\sdk\\HarmonyOS-NEXT-DB1\\openharmony\\toolchains\\restool.exe',
  '-x',
  'D:\\DevEcoStudioProjects\\Harmony-Healthy-life\\Healthy_life\\entry\\src\\main\\resources',
  '-o',
  'D:\\DevEcoStudioProjects\\Harmony-Healthy-life\\Healthy_life\\entry\\.preview\\default\\intermediates\\res\\default\\module_compiled'
]
[2024-07-11T15:58:21.688] [DEBUG] debug-file - current process  memoryUsage: {
  rss: 175456256,
  heapTotal: 128827392,
  heapUsed: 80750056,
  external: 1417323,
  arrayBuffers: 52168
} os memoryUsage :12.989906311035156
[2024-07-11T15:58:22.241] [DEBUG] debug-file - Info: restool resources compile success.

[2024-07-11T15:58:22.247] [DEBUG] debug-file - Use tool [D:\DEVeco Studio\devecostudio\DevEco Studio\sdk\HarmonyOS-NEXT-DB1\openharmony\toolchains\restool.exe]
 [
  'D:\\DEVeco Studio\\devecostudio\\DevEco Studio\\sdk\\HarmonyOS-NEXT-DB1\\openharmony\\toolchains\\restool.exe',
  '-m',
  'entry',
  '-f',
  '-j',
  'D:\\DevEcoStudioProjects\\Harmony-Healthy-life\\Healthy_life\\entry\\.preview\\default\\intermediates\\process_profile\\default\\module.json',
  '-p',
  'com.example.healthy_life',
  '-r',
  'D:\\DevEcoStudioProjects\\Harmony-Healthy-life\\Healthy_life\\entry\\.preview\\default\\generated\\r\\default\\ResourceTable.h',
  '-z',
  '--ids',
  'D:\\DevEcoStudioProjects\\Harmony-Healthy-life\\Healthy_life\\entry\\.preview\\default\\intermediates\\res\\default\\ids_map',
  '-i',
  'D:\\DevEcoStudioProjects\\Harmony-Healthy-life\\Healthy_life\\entry\\.preview\\default\\intermediates\\res\\default\\app_compiled',
  '-i',
  'D:\\DevEcoStudioProjects\\Harmony-Healthy-life\\Healthy_life\\entry\\.preview\\default\\intermediates\\res\\default\\module_compiled',
  '-o',
  'D:\\DevEcoStudioProjects\\Harmony-Healthy-life\\Healthy_life\\entry\\.preview\\default\\intermediates\\res\\default'
]
[2024-07-11T15:58:22.252] [DEBUG] debug-file - current process  memoryUsage: {
  rss: 175546368,
  heapTotal: 128827392,
  heapUsed: 81081120,
  external: 1417449,
  arrayBuffers: 53132
} os memoryUsage :12.986797332763672
[2024-07-11T15:58:23.240] [DEBUG] debug-file - Info: restool resources compile success.

[2024-07-11T15:58:23.375] [DEBUG] debug-file - entry : default@PreviewCompileResource cost memory -24.229812622070312
[2024-07-11T15:58:23.375] [DEBUG] debug-file - runTaskFromQueue task cost before running: 4 s 616 ms 
[2024-07-11T15:58:23.378] [INFO] debug-file - Finished :entry:default@PreviewCompileResource... after 2 s 279 ms 
[2024-07-11T15:58:23.388] [DEBUG] debug-file - jsonObjWithoutParam {} at undefined
[2024-07-11T15:58:23.389] [DEBUG] debug-file - jsonObjWithoutParam {} at undefined
[2024-07-11T15:58:23.390] [DEBUG] debug-file - jsonObjWithoutParam {"license":"","devDependencies":{},"author":"","name":"entry","description":"Please describe the basic information.","main":"","version":"1.0.0","dependencies":{}} at undefined
[2024-07-11T15:58:23.390] [DEBUG] debug-file - Executing task :entry:default@PreviewHookCompileResource
[2024-07-11T15:58:23.391] [DEBUG] debug-file - entry : default@PreviewHookCompileResource cost memory 0.01479339599609375
[2024-07-11T15:58:23.392] [DEBUG] debug-file - runTaskFromQueue task cost before running: 4 s 632 ms 
[2024-07-11T15:58:23.393] [INFO] debug-file - Finished :entry:default@PreviewHookCompileResource... after 2 ms 
[2024-07-11T15:58:23.405] [DEBUG] debug-file - jsonObjWithoutParam {} at undefined
[2024-07-11T15:58:23.406] [DEBUG] debug-file - jsonObjWithoutParam {} at undefined
[2024-07-11T15:58:23.406] [DEBUG] debug-file - jsonObjWithoutParam {"license":"","devDependencies":{},"author":"","name":"entry","description":"Please describe the basic information.","main":"","version":"1.0.0","dependencies":{}} at undefined
[2024-07-11T15:58:23.408] [DEBUG] debug-file - Executing task :entry:default@CopyPreviewProfile
[2024-07-11T15:58:23.452] [DEBUG] debug-file - entry : default@CopyPreviewProfile cost memory 0.17929840087890625
[2024-07-11T15:58:23.453] [DEBUG] debug-file - runTaskFromQueue task cost before running: 4 s 693 ms 
[2024-07-11T15:58:23.454] [INFO] debug-file - Finished :entry:default@CopyPreviewProfile... after 45 ms 
[2024-07-11T15:58:23.462] [DEBUG] debug-file - jsonObjWithoutParam {} at undefined
[2024-07-11T15:58:23.462] [DEBUG] debug-file - jsonObjWithoutParam {} at undefined
[2024-07-11T15:58:23.462] [DEBUG] debug-file - jsonObjWithoutParam {"license":"","devDependencies":{},"author":"","name":"entry","description":"Please describe the basic information.","main":"","version":"1.0.0","dependencies":{}} at undefined
[2024-07-11T15:58:23.471] [DEBUG] debug-file - Executing task :entry:default@ReplacePreviewerPage
[2024-07-11T15:58:23.472] [DEBUG] debug-file - entry : default@ReplacePreviewerPage cost memory 0.0180206298828125
[2024-07-11T15:58:23.473] [DEBUG] debug-file - runTaskFromQueue task cost before running: 4 s 713 ms 
[2024-07-11T15:58:23.474] [INFO] debug-file - Finished :entry:default@ReplacePreviewerPage... after 2 ms 
[2024-07-11T15:58:23.479] [DEBUG] debug-file - Executing task :entry:buildPreviewerResource
[2024-07-11T15:58:23.484] [DEBUG] debug-file - entry : buildPreviewerResource cost memory 0.011932373046875
[2024-07-11T15:58:23.485] [DEBUG] debug-file - runTaskFromQueue task cost before running: 4 s 725 ms 
[2024-07-11T15:58:23.486] [INFO] debug-file - Finished :entry:buildPreviewerResource... after 6 ms 
[2024-07-11T15:58:23.494] [DEBUG] debug-file - jsonObjWithoutParam {} at undefined
[2024-07-11T15:58:23.494] [DEBUG] debug-file - jsonObjWithoutParam {} at undefined
[2024-07-11T15:58:23.494] [DEBUG] debug-file - jsonObjWithoutParam {"license":"","devDependencies":{},"author":"","name":"entry","description":"Please describe the basic information.","main":"","version":"1.0.0","dependencies":{}} at undefined
[2024-07-11T15:58:23.499] [DEBUG] debug-file - Executing task :entry:default@PreviewUpdateAssets
[2024-07-11T15:58:23.608] [DEBUG] debug-file - entry : default@PreviewUpdateAssets cost memory 0.0928802490234375
[2024-07-11T15:58:23.609] [DEBUG] debug-file - runTaskFromQueue task cost before running: 4 s 849 ms 
[2024-07-11T15:58:23.612] [INFO] debug-file - Finished :entry:default@PreviewUpdateAssets... after 110 ms 
[2024-07-11T15:58:23.624] [DEBUG] debug-file - jsonObjWithoutParam {} at undefined
[2024-07-11T15:58:23.625] [DEBUG] debug-file - jsonObjWithoutParam {} at undefined
[2024-07-11T15:58:23.625] [DEBUG] debug-file - jsonObjWithoutParam {"license":"","devDependencies":{},"author":"","name":"entry","description":"Please describe the basic information.","main":"","version":"1.0.0","dependencies":{}} at undefined
[2024-07-11T15:58:23.644] [DEBUG] debug-file - Executing task :entry:default@PreviewArkTS
[2024-07-11T15:58:23.771] [DEBUG] debug-file - session manager: binding session. socketId=hrXRKZA3nVQZXG-NAAAD, threadId=1@1.
[2024-07-11T15:58:23.770] [DEBUG] debug-file - entry : default@PreviewArkTS cost memory 0.7664413452148438
[2024-07-11T15:58:52.587] [DEBUG] debug-file - session manager: watch message received from worker 1. Type: WatchStart
[2024-07-11T15:59:22.289] [DEBUG] debug-file - session manager: watch message received from worker 1. Type: WatchLog
[2024-07-11T15:59:35.127] [DEBUG] debug-file - session manager: watch message received from worker 1. Type: WatchResult
[2024-07-11T15:59:35.132] [DEBUG] debug-file - Ark compile finished.
[2024-07-11T15:59:35.145] [INFO] debug-file - Finished :entry:default@PreviewArkTS... after 1 min 11 s 493 ms 
[2024-07-11T15:59:35.151] [DEBUG] debug-file - Executing task :entry:PreviewBuild
[2024-07-11T15:59:35.151] [DEBUG] debug-file - entry : PreviewBuild cost memory 0.0114898681640625
[2024-07-11T15:59:35.151] [DEBUG] debug-file - runTaskFromQueue task cost before running: 1 min 16 s 391 ms 
[2024-07-11T15:59:35.152] [INFO] debug-file - Finished :entry:PreviewBuild... after 1 ms 
[2024-07-11T15:59:35.173] [DEBUG] debug-file - Update task entry:default@PreBuild input file:D:\DevEcoStudioProjects\Harmony-Healthy-life\Healthy_life\AppScope\app.json5 cache by regenerate.
[2024-07-11T15:59:35.176] [DEBUG] debug-file - Update task entry:default@PreBuild input file:D:\DevEcoStudioProjects\Harmony-Healthy-life\Healthy_life\entry\src\main\module.json5 cache by regenerate.
[2024-07-11T15:59:35.177] [DEBUG] debug-file - Update task entry:default@PreBuild input file:D:\DevEcoStudioProjects\Harmony-Healthy-life\Healthy_life\entry\src\main\resources\base\profile\form_config.json cache by regenerate.
[2024-07-11T15:59:35.178] [DEBUG] debug-file - Update task entry:default@PreBuild input file:D:\DevEcoStudioProjects\Harmony-Healthy-life\Healthy_life\build-profile.json5 cache by regenerate.
[2024-07-11T15:59:35.180] [DEBUG] debug-file - Update task entry:default@PreBuild input file:D:\DevEcoStudioProjects\Harmony-Healthy-life\Healthy_life\entry\build-profile.json5 cache by regenerate.
[2024-07-11T15:59:35.182] [DEBUG] debug-file - Update task entry:default@PreBuild input file:D:\DevEcoStudioProjects\Harmony-Healthy-life\Healthy_life\entry\src\main\resources\base\profile\main_pages.json cache by regenerate.
[2024-07-11T15:59:35.183] [DEBUG] debug-file - Update task entry:default@PreBuild input file:D:\DevEcoStudioProjects\Harmony-Healthy-life\Healthy_life\hvigor\hvigor-config.json5 cache by regenerate.
[2024-07-11T15:59:35.184] [DEBUG] debug-file - Update task entry:default@PreBuild input file:D:\DevEcoStudioProjects\Harmony-Healthy-life\Healthy_life\entry\oh-package.json5 cache by regenerate.
[2024-07-11T15:59:35.185] [DEBUG] debug-file - Incremental task entry:default@PreBuild post-execution cost:15 ms .
[2024-07-11T15:59:35.186] [DEBUG] debug-file - Update task entry:default@MergeProfile input file:D:\DevEcoStudioProjects\Harmony-Healthy-life\Healthy_life\AppScope\app.json5 cache by regenerate.
[2024-07-11T15:59:35.187] [DEBUG] debug-file - Update task entry:default@MergeProfile input file:D:\DevEcoStudioProjects\Harmony-Healthy-life\Healthy_life\build-profile.json5 cache by regenerate.
[2024-07-11T15:59:35.188] [DEBUG] debug-file - Update task entry:default@MergeProfile input file:D:\DevEcoStudioProjects\Harmony-Healthy-life\Healthy_life\entry\src\main\module.json5 cache by regenerate.
[2024-07-11T15:59:35.189] [DEBUG] debug-file - Update task entry:default@MergeProfile output file:D:\DevEcoStudioProjects\Harmony-Healthy-life\Healthy_life\entry\.preview\default\intermediates\merge_profile\default\module.json cache.
[2024-07-11T15:59:35.190] [DEBUG] debug-file - Incremental task entry:default@MergeProfile post-execution cost:5 ms .
[2024-07-11T15:59:35.191] [DEBUG] debug-file - Update task entry:default@CreateBuildProfile input file:D:\DevEcoStudioProjects\Harmony-Healthy-life\Healthy_life\AppScope\app.json5 cache by regenerate.
[2024-07-11T15:59:35.191] [DEBUG] debug-file - Update task entry:default@CreateBuildProfile input file:D:\DevEcoStudioProjects\Harmony-Healthy-life\Healthy_life\build-profile.json5 cache by regenerate.
[2024-07-11T15:59:35.194] [DEBUG] debug-file - Update task entry:default@CreateBuildProfile output file:D:\DevEcoStudioProjects\Harmony-Healthy-life\Healthy_life\entry\.preview\default\generated\profile\default\BuildProfile.ets cache.
[2024-07-11T15:59:35.195] [DEBUG] debug-file - Incremental task entry:default@CreateBuildProfile post-execution cost:5 ms .
[2024-07-11T15:59:35.195] [DEBUG] debug-file - Update task entry:default@GeneratePkgContextInfo output file:D:\DevEcoStudioProjects\Harmony-Healthy-life\Healthy_life\entry\.preview\default\intermediates\loader\default\pkgContextInfo.json cache.
[2024-07-11T15:59:35.196] [DEBUG] debug-file - Incremental task entry:default@GeneratePkgContextInfo post-execution cost:1 ms .
[2024-07-11T15:59:35.197] [DEBUG] debug-file - Update task entry:default@ProcessProfile input file:D:\DevEcoStudioProjects\Harmony-Healthy-life\Healthy_life\entry\.preview\default\intermediates\merge_profile\default\module.json cache by regenerate.
[2024-07-11T15:59:35.198] [DEBUG] debug-file - Update task entry:default@ProcessProfile output file:D:\DevEcoStudioProjects\Harmony-Healthy-life\Healthy_life\entry\.preview\default\intermediates\process_profile\default\module.json cache.
[2024-07-11T15:59:35.200] [DEBUG] debug-file - Incremental task entry:default@ProcessProfile post-execution cost:3 ms .
[2024-07-11T15:59:35.203] [DEBUG] debug-file - Update task entry:default@ProcessRouterMap input file:D:\DevEcoStudioProjects\Harmony-Healthy-life\Healthy_life\entry\oh-package.json5 cache by regenerate.
[2024-07-11T15:59:35.204] [DEBUG] debug-file - Update task entry:default@ProcessRouterMap input file:D:\DevEcoStudioProjects\Harmony-Healthy-life\Healthy_life\oh-package.json5 cache by regenerate.
[2024-07-11T15:59:35.205] [DEBUG] debug-file - Update task entry:default@ProcessRouterMap input file:D:\DevEcoStudioProjects\Harmony-Healthy-life\Healthy_life\entry\src\main\module.json5 cache by regenerate.
[2024-07-11T15:59:35.206] [DEBUG] debug-file - Update task entry:default@ProcessRouterMap output file:D:\DevEcoStudioProjects\Harmony-Healthy-life\Healthy_life\entry\.preview\default\intermediates\router_map\default\intermediates_temp_routerMap.json cache.
[2024-07-11T15:59:35.207] [DEBUG] debug-file - Update task entry:default@ProcessRouterMap output file:D:\DevEcoStudioProjects\Harmony-Healthy-life\Healthy_life\entry\.preview\default\intermediates\router_map\default\intermediate_routerMap_for_loader.json cache.
[2024-07-11T15:59:35.208] [DEBUG] debug-file - Incremental task entry:default@ProcessRouterMap post-execution cost:8 ms .
[2024-07-11T15:59:35.211] [DEBUG] debug-file - Update task entry:default@GenerateLoaderJson input file:D:\DevEcoStudioProjects\Harmony-Healthy-life\Healthy_life\entry\.preview\default\intermediates\router_map\default\intermediates_temp_routerMap.json cache by regenerate.
[2024-07-11T15:59:35.211] [DEBUG] debug-file - Update task entry:default@GenerateLoaderJson output file:D:\DevEcoStudioProjects\Harmony-Healthy-life\Healthy_life\entry\.preview\default\intermediates\loader\default\loader.json cache.
[2024-07-11T15:59:35.212] [DEBUG] debug-file - Incremental task entry:default@GenerateLoaderJson post-execution cost:4 ms .
[2024-07-11T15:59:35.213] [DEBUG] debug-file - Update task entry:default@PreviewCompileResource input file:D:\DevEcoStudioProjects\Harmony-Healthy-life\Healthy_life\entry\src\main\resources cache by regenerate.
[2024-07-11T15:59:35.235] [DEBUG] debug-file - Update task entry:default@PreviewCompileResource input file:D:\DevEcoStudioProjects\Harmony-Healthy-life\Healthy_life\entry\.preview\default\intermediates\merge_profile\default\module.json cache by regenerate.
[2024-07-11T15:59:35.236] [DEBUG] debug-file - Update task entry:default@PreviewCompileResource output file:D:\DevEcoStudioProjects\Harmony-Healthy-life\Healthy_life\entry\.preview\default\intermediates\res\default cache.
[2024-07-11T15:59:35.289] [DEBUG] debug-file - Update task entry:default@PreviewCompileResource output file:D:\DevEcoStudioProjects\Harmony-Healthy-life\Healthy_life\entry\.preview\default\generated\r\default cache.
[2024-07-11T15:59:35.291] [DEBUG] debug-file - Incremental task entry:default@PreviewCompileResource post-execution cost:80 ms .
[2024-07-11T15:59:35.292] [DEBUG] debug-file - Update task entry:default@CopyPreviewProfile input file:D:\DevEcoStudioProjects\Harmony-Healthy-life\Healthy_life\entry\src\main\resources\base\profile cache by regenerate.
[2024-07-11T15:59:35.293] [DEBUG] debug-file - Update task entry:default@CopyPreviewProfile output file:D:\DevEcoStudioProjects\Harmony-Healthy-life\Healthy_life\entry\.preview\default\intermediates\res\default\resources\base\profile cache.
[2024-07-11T15:59:35.294] [DEBUG] debug-file - Incremental task entry:default@CopyPreviewProfile post-execution cost:3 ms .
[2024-07-11T15:59:35.294] [DEBUG] debug-file - Update task entry:default@PreviewUpdateAssets output file:D:\DevEcoStudioProjects\Harmony-Healthy-life\Healthy_life\entry\.preview\default\intermediates\res\default\module.json cache.
[2024-07-11T15:59:35.295] [DEBUG] debug-file - Update task entry:default@PreviewUpdateAssets output file:D:\DevEcoStudioProjects\Harmony-Healthy-life\Healthy_life\entry\.preview\default\intermediates\res\default\resources\base\profile\main_pages.json cache.
[2024-07-11T15:59:35.295] [DEBUG] debug-file - Incremental task entry:default@PreviewUpdateAssets post-execution cost:2 ms .
[2024-07-11T15:59:35.300] [DEBUG] debug-file - Update task entry:default@PreviewArkTS input file:D:\DevEcoStudioProjects\Harmony-Healthy-life\Healthy_life\entry\.preview\default\intermediates\loader\default cache by regenerate.
[2024-07-11T15:59:35.303] [DEBUG] debug-file - Update task entry:default@PreviewArkTS input file:D:\DevEcoStudioProjects\Harmony-Healthy-life\Healthy_life\entry\.preview\default\intermediates\res\default\ResourceTable.txt cache by regenerate.
[2024-07-11T15:59:35.304] [DEBUG] debug-file - Update task entry:default@PreviewArkTS input file:D:\DevEcoStudioProjects\Harmony-Healthy-life\Healthy_life\entry\.preview\default\intermediates\res\default\module.json cache by regenerate.
[2024-07-11T15:59:35.304] [DEBUG] debug-file - Update task entry:default@PreviewArkTS input file:D:\DevEcoStudioProjects\Harmony-Healthy-life\Healthy_life\entry\.preview\default\intermediates\res\default\resources\base\profile cache by regenerate.
[2024-07-11T15:59:35.307] [DEBUG] debug-file - Update task entry:default@PreviewArkTS input file:D:\DevEcoStudioProjects\Harmony-Healthy-life\Healthy_life\entry\src\main\ets cache by regenerate.
[2024-07-11T15:59:35.357] [DEBUG] debug-file - Update task entry:default@PreviewArkTS input file:D:\DevEcoStudioProjects\Harmony-Healthy-life\Healthy_life\entry\src\main\resources\base\profile\form_config.json cache by regenerate.
[2024-07-11T15:59:35.357] [DEBUG] debug-file - Update task entry:default@PreviewArkTS input file:D:\DevEcoStudioProjects\Harmony-Healthy-life\Healthy_life\entry\.preview\default\generated\profile\default\BuildProfile.ets cache by regenerate.
[2024-07-11T15:59:35.358] [DEBUG] debug-file - Update task entry:default@PreviewArkTS output file:D:\DevEcoStudioProjects\Harmony-Healthy-life\Healthy_life\entry\.preview\default\intermediates\loader_out\default\ets cache.
[2024-07-11T15:59:35.358] [DEBUG] debug-file - Incremental task entry:default@PreviewArkTS post-execution cost:63 ms .
